{"uid":"4bc57b4704d01b8d","name":"Deve fazer um pedido na loja Ebac Shop de ponta a ponta","fullName":"cypress/e2e/exercicio-e2e.cy.js#Exercicio - Testes End-to-end - Fluxo de pedido Deve fazer um pedido na loja Ebac Shop de ponta a ponta","historyId":"13537b479aa8828331847fe7ee00b7ac:d41d8cd98f00b204e9800998ecf8427e","time":{"start":1770724891201,"stop":1770724901307,"duration":10106},"status":"failed","statusMessage":"Timed out retrying after 4000ms: Expected to find element: `#username`, but never found it.\n\nThis error occurred while creating the session. Because the session setup failed, we failed the test.","statusTrace":"AssertionError: Timed out retrying after 4000ms: Expected to find element: `#username`, but never found it.\n\nThis error occurred while creating the session. Because the session setup failed, we failed the test.\n    at Object.eval [as setup] (webpack://teste-e2e-ebac/./cypress/support/commands.js:6:7)","flaky":false,"newFailed":false,"newBroken":false,"newPassed":false,"retriesCount":0,"retriesStatusChange":false,"beforeStages":[{"name":"\"before each\" hook","time":{"start":1770724891202,"stop":1770724901278,"duration":10076},"status":"failed","statusMessage":"Timed out retrying after 4000ms: Expected to find element: `#username`, but never found it.\n\nThis error occurred while creating the session. Because the session setup failed, we failed the test.","statusTrace":"AssertionError: Timed out retrying after 4000ms: Expected to find element: `#username`, but never found it.\n\nThis error occurred while creating the session. Because the session setup failed, we failed the test.\n    at Object.eval [as setup] (webpack://teste-e2e-ebac/./cypress/support/commands.js:6:7)","steps":[{"name":"visit minha-conta","time":{"start":1770724891230,"stop":1770724896994,"duration":5764},"status":"passed","steps":[],"attachments":[],"parameters":[{"name":"Original Url","value":"http://lojaebac.ebaconline.art.br/minha-conta"},{"name":"Resolved Url","value":"http://lojaebac.ebaconline.art.br/minha-conta/"},{"name":"Redirects","value":"[\"301: http://lojaebac.ebaconline.art.br/minha-conta/\"]"},{"name":"Cookies Set","value":"[]"}],"shouldDisplayMessage":false,"stepsCount":0,"attachmentsCount":0,"hasContent":true,"attachmentStep":false},{"name":"session [\"gabrielqa@teste.com\",\"teste@teste123#\"]","time":{"start":1770724896998,"stop":1770724901278,"duration":4280},"status":"failed","statusMessage":"Timed out retrying after 4000ms: Expected to find element: `#username`, but never found it.\n\nThis error occurred while creating the session. Because the session setup failed, we failed the test.","statusTrace":"AssertionError: Timed out retrying after 4000ms: Expected to find element: `#username`, but never found it.\n\nThis error occurred while creating the session. Because the session setup failed, we failed the test.\n    at Object.eval [as setup] (webpack://teste-e2e-ebac/./cypress/support/commands.js:6:7)","steps":[{"name":"Create new session","time":{"start":1770724897097,"stop":1770724901278,"duration":4181},"status":"failed","statusMessage":"Timed out retrying after 4000ms: Expected to find element: `#username`, but never found it.\n\nThis error occurred while creating the session. Because the session setup failed, we failed the test.","statusTrace":"AssertionError: Timed out retrying after 4000ms: Expected to find element: `#username`, but never found it.\n\nThis error occurred while creating the session. Because the session setup failed, we failed the test.\n    at Object.eval [as setup] (webpack://teste-e2e-ebac/./cypress/support/commands.js:6:7)","steps":[{"name":"get #username","time":{"start":1770724897101,"stop":1770724901278,"duration":4177},"status":"failed","statusMessage":"Timed out retrying after 4000ms: Expected to find element: `#username`, but never found it.\n\nThis error occurred while creating the session. Because the session setup failed, we failed the test.","statusTrace":"AssertionError: Timed out retrying after 4000ms: Expected to find element: `#username`, but never found it.\n\nThis error occurred while creating the session. Because the session setup failed, we failed the test.\n    at Object.eval [as setup] (webpack://teste-e2e-ebac/./cypress/support/commands.js:6:7)","steps":[],"attachments":[{"uid":"e4cd4836ede44db8","name":"Exercicio - Testes End-to-end - Fluxo de pedido -- Deve fazer um pedido na loja Ebac Shop de ponta a ponta -- before each hook (failed).png","source":"e4cd4836ede44db8.png","type":"image/png","size":77840}],"parameters":[{"name":"Selector","value":"#username"},{"name":"Elements","value":"0"}],"shouldDisplayMessage":true,"stepsCount":0,"attachmentsCount":1,"hasContent":true,"attachmentStep":false}],"attachments":[],"parameters":[{"name":"Step","value":"Create new session"},{"name":"Error","value":"AssertionError: Timed out retrying after 4000ms: Expected to find element: `#username`, but never found it.\n\nThis error occurred..."}],"shouldDisplayMessage":false,"stepsCount":1,"attachmentsCount":1,"hasContent":true,"attachmentStep":false}],"attachments":[],"parameters":[{"name":"Yielded","value":"null"}],"shouldDisplayMessage":false,"stepsCount":2,"attachmentsCount":1,"hasContent":true,"attachmentStep":false}],"attachments":[],"parameters":[],"shouldDisplayMessage":false,"stepsCount":4,"attachmentsCount":1,"hasContent":true,"attachmentStep":false}],"afterStages":[],"labels":[{"name":"language","value":"javascript"},{"name":"framework","value":"cypress"},{"name":"parentSuite","value":"Exercicio - Testes End-to-end - Fluxo de pedido"},{"name":"host","value":"runnervmwffz4"},{"name":"thread","value":"pid-2660-worker-main"},{"name":"package","value":"cypress.e2e.exercicio-e2e.cy.js"},{"name":"resultFormat","value":"allure2"}],"parameters":[],"links":[],"hidden":false,"retry":false,"extra":{"severity":"normal","retries":[],"categories":[{"name":"Product defects","matchedStatuses":[]}],"tags":[]},"source":"4bc57b4704d01b8d.json","parameterValues":[]}